0 info it worked if it ends with ok
1 verbose cli [ 'C:\\Program Files\\nodejs\\node.exe',
1 verbose cli   'C:\\Program Files\\nodejs\\node_modules\\npm\\bin\\npm-cli.js',
1 verbose cli   'test' ]
2 info using npm@2.14.4
3 info using node@v4.1.2
4 verbose stack Error: Failed to parse json
4 verbose stack Trailing comma in object at 27:1
4 verbose stack }
4 verbose stack ^
4 verbose stack     at parseError (C:\Program Files\nodejs\node_modules\npm\node_modules\read-package-json\read-json.js:379:11)
4 verbose stack     at parseJson (C:\Program Files\nodejs\node_modules\npm\node_modules\read-package-json\read-json.js:68:23)
4 verbose stack     at C:\Program Files\nodejs\node_modules\npm\node_modules\read-package-json\read-json.js:48:5
4 verbose stack     at C:\Program Files\nodejs\node_modules\npm\node_modules\graceful-fs\graceful-fs.js:76:16
4 verbose stack     at FSReqWrap.readFileAfterClose [as oncomplete] (fs.js:380:3)
5 verbose cwd c:\wamp\www\jayrtestes\cep-js
6 error Windows_NT 6.1.7600
7 error argv "C:\\Program Files\\nodejs\\node.exe" "C:\\Program Files\\nodejs\\node_modules\\npm\\bin\\npm-cli.js" "test"
8 error node v4.1.2
9 error npm  v2.14.4
10 error file c:\wamp\www\jayrtestes\cep-js\package.json
11 error code EJSONPARSE
12 error Failed to parse json
12 error Trailing comma in object at 27:1
12 error }
12 error ^
13 error File: c:\wamp\www\jayrtestes\cep-js\package.json
14 error Failed to parse package.json data.
14 error package.json must be actual JSON, not just JavaScript.
14 error
14 error This is not a bug in npm.
14 error Tell the package author to fix their package.json file. JSON.parse
15 verbose exit [ 1, true ]
